# JRE version: OpenJDK Runtime Environment (8.0_202-b03) (build 1.8.0_202-release-1483-b03)
# Java VM: OpenJDK 64-Bit Server VM (25.202-b03 mixed mode windows-amd64 compressed oops)
Heap:
 PSYoungGen      total 399360K, used 238789K [0x00000000e0000000, 0x0000000100000000, 0x0000000100000000)
  eden space 280576K, 82% used [0x00000000e0000000,0x00000000ee1cbf28,0x00000000f1200000)
  from space 118784K, 6% used [0x00000000f1200000,0x00000000f19657d0,0x00000000f8600000)
  to   space 118784K, 0% used [0x00000000f8c00000,0x00000000f8c00000,0x0000000100000000)
 ParOldGen       total 342528K, used 182575K [0x00000000a0000000, 0x00000000b4e80000, 0x00000000e0000000)
  object space 342528K, 53% used [0x00000000a0000000,0x00000000ab24bd78,0x00000000b4e80000)
 Metaspace       used 124983K, capacity 128988K, committed 129240K, reserved 1163264K
  class space    used 15256K, capacity 16091K, committed 16128K, reserved 1048576K
GC Heap History (10 events):
Event: 11792.502 GC heap before
{Heap before GC invocations=31 (full 5):
 PSYoungGen      total 416256K, used 416233K [0x00000000e0000000, 0x0000000100000000, 0x0000000100000000)
  eden space 308224K, 100% used [0x00000000e0000000,0x00000000f2d00000,0x00000000f2d00000)
  from space 108032K, 99% used [0x00000000f2d00000,0x00000000f967a7b8,0x00000000f9680000)
  to   space 108032K, 0% used [0x00000000f9680000,0x00000000f9680000,0x0000000100000000)
 ParOldGen       total 243200K, used 79494K [0x00000000a0000000, 0x00000000aed80000, 0x00000000e0000000)
  object space 243200K, 32% used [0x00000000a0000000,0x00000000a4da1b80,0x00000000aed80000)
 Metaspace       used 114990K, capacity 118560K, committed 119000K, reserved 1153024K
  class space    used 14197K, capacity 14981K, committed 15104K, reserved 1048576K
Event: 11793.053 GC heap after
Heap after GC invocations=31 (full 5):
 PSYoungGen      total 387584K, used 28933K [0x00000000e0000000, 0x0000000100000000, 0x0000000100000000)
  eden space 279552K, 0% used [0x00000000e0000000,0x00000000e0000000,0x00000000f1100000)
  from space 108032K, 26% used [0x00000000f9680000,0x00000000fb2c1638,0x0000000100000000)
  to   space 122368K, 0% used [0x00000000f1100000,0x00000000f1100000,0x00000000f8880000)
 ParOldGen       total 243200K, used 159183K [0x00000000a0000000, 0x00000000aed80000, 0x00000000e0000000)
  object space 243200K, 65% used [0x00000000a0000000,0x00000000a9b73e38,0x00000000aed80000)
 Metaspace       used 114990K, capacity 118560K, committed 119000K, reserved 1153024K
  class space    used 14197K, capacity 14981K, committed 15104K, reserved 1048576K
}
Event: 11796.181 GC heap before
{Heap before GC invocations=32 (full 5):
 PSYoungGen      total 387584K, used 308485K [0x00000000e0000000, 0x0000000100000000, 0x0000000100000000)
  eden space 279552K, 100% used [0x00000000e0000000,0x00000000f1100000,0x00000000f1100000)
  from space 108032K, 26% used [0x00000000f9680000,0x00000000fb2c1638,0x0000000100000000)
  to   space 122368K, 0% used [0x00000000f1100000,0x00000000f1100000,0x00000000f8880000)
 ParOldGen       total 243200K, used 159183K [0x00000000a0000000, 0x00000000aed80000, 0x00000000e0000000)
  object space 243200K, 65% used [0x00000000a0000000,0x00000000a9b73e38,0x00000000aed80000)
 Metaspace       used 121799K, capacity 125426K, committed 125912K, reserved 1159168K
  class space    used 14947K, capacity 15758K, committed 15872K, reserved 1048576K
Event: 11796.428 GC heap after
Heap after GC invocations=32 (full 5):
 PSYoungGen      total 401920K, used 63144K [0x00000000e0000000, 0x0000000100000000, 0x0000000100000000)
  eden space 279552K, 0% used [0x00000000e0000000,0x00000000e0000000,0x00000000f1100000)
  from space 122368K, 51% used [0x00000000f1100000,0x00000000f4eaa1d8,0x00000000f8880000)
  to   space 121344K, 0% used [0x00000000f8980000,0x00000000f8980000,0x0000000100000000)
 ParOldGen       total 243200K, used 184483K [0x00000000a0000000, 0x00000000aed80000, 0x00000000e0000000)
  object space 243200K, 75% used [0x00000000a0000000,0x00000000ab428c68,0x00000000aed80000)
 Metaspace       used 121799K, capacity 125426K, committed 125912K, reserved 1159168K
  class space    used 14947K, capacity 15758K, committed 15872K, reserved 1048576K
}
Event: 11796.428 GC heap before
{Heap before GC invocations=33 (full 6):
 PSYoungGen      total 401920K, used 63144K [0x00000000e0000000, 0x0000000100000000, 0x0000000100000000)
  eden space 279552K, 0% used [0x00000000e0000000,0x00000000e0000000,0x00000000f1100000)
  from space 122368K, 51% used [0x00000000f1100000,0x00000000f4eaa1d8,0x00000000f8880000)
  to   space 121344K, 0% used [0x00000000f8980000,0x00000000f8980000,0x0000000100000000)
 ParOldGen       total 243200K, used 184483K [0x00000000a0000000, 0x00000000aed80000, 0x00000000e0000000)
  object space 243200K, 75% used [0x00000000a0000000,0x00000000ab428c68,0x00000000aed80000)
 Metaspace       used 121799K, capacity 125426K, committed 125912K, reserved 1159168K
  class space    used 14947K, capacity 15758K, committed 15872K, reserved 1048576K
Event: 11797.220 GC heap after
Heap after GC invocations=33 (full 6):
 PSYoungGen      total 401920K, used 0K [0x00000000e0000000, 0x0000000100000000, 0x0000000100000000)
  eden space 279552K, 0% used [0x00000000e0000000,0x00000000e0000000,0x00000000f1100000)
  from space 122368K, 0% used [0x00000000f1100000,0x00000000f1100000,0x00000000f8880000)
  to   space 121344K, 0% used [0x00000000f8980000,0x00000000f8980000,0x0000000100000000)
 ParOldGen       total 342528K, used 125769K [0x00000000a0000000, 0x00000000b4e80000, 0x00000000e0000000)
  object space 342528K, 36% used [0x00000000a0000000,0x00000000a7ad2580,0x00000000b4e80000)
 Metaspace       used 121799K, capacity 125426K, committed 125912K, reserved 1159168K
  class space    used 14947K, capacity 15758K, committed 15872K, reserved 1048576K
}
Event: 11941.191 GC heap before
{Heap before GC invocations=34 (full 6):
 PSYoungGen      total 401920K, used 279552K [0x00000000e0000000, 0x0000000100000000, 0x0000000100000000)
  eden space 279552K, 100% used [0x00000000e0000000,0x00000000f1100000,0x00000000f1100000)
  from space 122368K, 0% used [0x00000000f1100000,0x00000000f1100000,0x00000000f8880000)
  to   space 121344K, 0% used [0x00000000f8980000,0x00000000f8980000,0x0000000100000000)
 ParOldGen       total 342528K, used 125769K [0x00000000a0000000, 0x00000000b4e80000, 0x00000000e0000000)
  object space 342528K, 36% used [0x00000000a0000000,0x00000000a7ad2580,0x00000000b4e80000)
 Metaspace       used 121972K, capacity 125670K, committed 125912K, reserved 1159168K
  class space    used 14954K, capacity 15766K, committed 15872K, reserved 1048576K
Event: 11941.390 GC heap after
Heap after GC invocations=34 (full 6):
 PSYoungGen      total 395776K, used 60504K [0x00000000e0000000, 0x00000000ffa00000, 0x0000000100000000)
  eden space 280576K, 0% used [0x00000000e0000000,0x00000000e0000000,0x00000000f1200000)
  from space 115200K, 52% used [0x00000000f8980000,0x00000000fc496118,0x00000000ffa00000)
  to   space 118784K, 0% used [0x00000000f1200000,0x00000000f1200000,0x00000000f8600000)
 ParOldGen       total 342528K, used 125777K [0x00000000a0000000, 0x00000000b4e80000, 0x00000000e0000000)
  object space 342528K, 36% used [0x00000000a0000000,0x00000000a7ad4580,0x00000000b4e80000)
 Metaspace       used 121972K, capacity 125670K, committed 125912K, reserved 1159168K
  class space    used 14954K, capacity 15766K, committed 15872K, reserved 1048576K
}
Event: 12164.530 GC heap before
{Heap before GC invocations=35 (full 6):
 PSYoungGen      total 395776K, used 341080K [0x00000000e0000000, 0x00000000ffa00000, 0x0000000100000000)
  eden space 280576K, 100% used [0x00000000e0000000,0x00000000f1200000,0x00000000f1200000)
  from space 115200K, 52% used [0x00000000f8980000,0x00000000fc496118,0x00000000ffa00000)
  to   space 118784K, 0% used [0x00000000f1200000,0x00000000f1200000,0x00000000f8600000)
 ParOldGen       total 342528K, used 125777K [0x00000000a0000000, 0x00000000b4e80000, 0x00000000e0000000)
  object space 342528K, 36% used [0x00000000a0000000,0x00000000a7ad4580,0x00000000b4e80000)
 Metaspace       used 122478K, capacity 126440K, committed 126680K, reserved 1161216K
  class space    used 15024K, capacity 15863K, committed 15872K, reserved 1048576K
Event: 12164.698 GC heap after
Heap after GC invocations=35 (full 6):
 PSYoungGen      total 399360K, used 7573K [0x00000000e0000000, 0x0000000100000000, 0x0000000100000000)
  eden space 280576K, 0% used [0x00000000e0000000,0x00000000e0000000,0x00000000f1200000)
  from space 118784K, 6% used [0x00000000f1200000,0x00000000f19657d0,0x00000000f8600000)
  to   space 118784K, 0% used [0x00000000f8c00000,0x00000000f8c00000,0x0000000100000000)
 ParOldGen       total 342528K, used 182575K [0x00000000a0000000, 0x00000000b4e80000, 0x00000000e0000000)
  object space 342528K, 53% used [0x00000000a0000000,0x00000000ab24bd78,0x00000000b4e80000)
 Metaspace       used 122478K, capacity 126440K, committed 126680K, reserved 1161216K
  class space    used 15024K, capacity 15863K, committed 15872K, reserved 1048576K
}

