# JRE version: OpenJDK Runtime Environment (8.0_202-b03) (build 1.8.0_202-release-1483-b03)
# Java VM: OpenJDK 64-Bit Server VM (25.202-b03 mixed mode windows-amd64 compressed oops)
Heap:
 PSYoungGen      total 430080K, used 350414K [0x00000000e0000000, 0x0000000100000000, 0x0000000100000000)
  eden space 339968K, 87% used [0x00000000e0000000,0x00000000f22bf600,0x00000000f4c00000)
  from space 90112K, 58% used [0x00000000fa800000,0x00000000fdb74240,0x0000000100000000)
  to   space 92160K, 0% used [0x00000000f4c00000,0x00000000f4c00000,0x00000000fa600000)
 ParOldGen       total 269312K, used 160251K [0x00000000a0000000, 0x00000000b0700000, 0x00000000e0000000)
  object space 269312K, 59% used [0x00000000a0000000,0x00000000a9c7edc0,0x00000000b0700000)
 Metaspace       used 115677K, capacity 119608K, committed 119768K, reserved 1155072K
  class space    used 14223K, capacity 15005K, committed 15104K, reserved 1048576K
GC Heap History (10 events):
Event: 110.261 GC heap before
{Heap before GC invocations=33 (full 5):
 PSYoungGen      total 308736K, used 266073K [0x00000000e0000000, 0x00000000f8900000, 0x0000000100000000)
  eden space 248320K, 100% used [0x00000000e0000000,0x00000000ef280000,0x00000000ef280000)
  from space 60416K, 29% used [0x00000000ef280000,0x00000000f03d6450,0x00000000f2d80000)
  to   space 57856K, 0% used [0x00000000f5080000,0x00000000f5080000,0x00000000f8900000)
 ParOldGen       total 269312K, used 90108K [0x00000000a0000000, 0x00000000b0700000, 0x00000000e0000000)
  object space 269312K, 33% used [0x00000000a0000000,0x00000000a57ff2b0,0x00000000b0700000)
 Metaspace       used 97538K, capacity 100660K, committed 100824K, reserved 1136640K
  class space    used 12107K, capacity 12799K, committed 12800K, reserved 1048576K
Event: 110.275 GC heap after
Heap after GC invocations=33 (full 5):
 PSYoungGen      total 335360K, used 1749K [0x00000000e0000000, 0x00000000f8480000, 0x0000000100000000)
  eden space 282112K, 0% used [0x00000000e0000000,0x00000000e0000000,0x00000000f1380000)
  from space 53248K, 3% used [0x00000000f5080000,0x00000000f5235510,0x00000000f8480000)
  to   space 57856K, 0% used [0x00000000f1380000,0x00000000f1380000,0x00000000f4c00000)
 ParOldGen       total 269312K, used 90371K [0x00000000a0000000, 0x00000000b0700000, 0x00000000e0000000)
  object space 269312K, 33% used [0x00000000a0000000,0x00000000a5840fd8,0x00000000b0700000)
 Metaspace       used 97538K, capacity 100660K, committed 100824K, reserved 1136640K
  class space    used 12107K, capacity 12799K, committed 12800K, reserved 1048576K
}
Event: 115.859 GC heap before
{Heap before GC invocations=34 (full 5):
 PSYoungGen      total 335360K, used 283861K [0x00000000e0000000, 0x00000000f8480000, 0x0000000100000000)
  eden space 282112K, 100% used [0x00000000e0000000,0x00000000f1380000,0x00000000f1380000)
  from space 53248K, 3% used [0x00000000f5080000,0x00000000f5235510,0x00000000f8480000)
  to   space 57856K, 0% used [0x00000000f1380000,0x00000000f1380000,0x00000000f4c00000)
 ParOldGen       total 269312K, used 90371K [0x00000000a0000000, 0x00000000b0700000, 0x00000000e0000000)
  object space 269312K, 33% used [0x00000000a0000000,0x00000000a5840fd8,0x00000000b0700000)
 Metaspace       used 98902K, capacity 102240K, committed 102360K, reserved 1138688K
  class space    used 12290K, capacity 13017K, committed 13056K, reserved 1048576K
Event: 115.872 GC heap after
Heap after GC invocations=34 (full 5):
 PSYoungGen      total 339968K, used 17438K [0x00000000e0000000, 0x00000000f9f80000, 0x0000000100000000)
  eden space 282112K, 0% used [0x00000000e0000000,0x00000000e0000000,0x00000000f1380000)
  from space 57856K, 30% used [0x00000000f1380000,0x00000000f2487b50,0x00000000f4c00000)
  to   space 54784K, 0% used [0x00000000f6a00000,0x00000000f6a00000,0x00000000f9f80000)
 ParOldGen       total 269312K, used 90379K [0x00000000a0000000, 0x00000000b0700000, 0x00000000e0000000)
  object space 269312K, 33% used [0x00000000a0000000,0x00000000a5842fd8,0x00000000b0700000)
 Metaspace       used 98902K, capacity 102240K, committed 102360K, reserved 1138688K
  class space    used 12290K, capacity 13017K, committed 13056K, reserved 1048576K
}
Event: 178.045 GC heap before
{Heap before GC invocations=35 (full 5):
 PSYoungGen      total 339968K, used 299550K [0x00000000e0000000, 0x00000000f9f80000, 0x0000000100000000)
  eden space 282112K, 100% used [0x00000000e0000000,0x00000000f1380000,0x00000000f1380000)
  from space 57856K, 30% used [0x00000000f1380000,0x00000000f2487b50,0x00000000f4c00000)
  to   space 54784K, 0% used [0x00000000f6a00000,0x00000000f6a00000,0x00000000f9f80000)
 ParOldGen       total 269312K, used 90379K [0x00000000a0000000, 0x00000000b0700000, 0x00000000e0000000)
  object space 269312K, 33% used [0x00000000a0000000,0x00000000a5842fd8,0x00000000b0700000)
 Metaspace       used 102228K, capacity 105896K, committed 106200K, reserved 1142784K
  class space    used 12752K, capacity 13481K, committed 13568K, reserved 1048576K
Event: 178.091 GC heap after
Heap after GC invocations=35 (full 5):
 PSYoungGen      total 361472K, used 32406K [0x00000000e0000000, 0x00000000f9c00000, 0x0000000100000000)
  eden space 310272K, 0% used [0x00000000e0000000,0x00000000e0000000,0x00000000f2f00000)
  from space 51200K, 63% used [0x00000000f6a00000,0x00000000f89a5888,0x00000000f9c00000)
  to   space 55808K, 0% used [0x00000000f2f00000,0x00000000f2f00000,0x00000000f6580000)
 ParOldGen       total 269312K, used 90387K [0x00000000a0000000, 0x00000000b0700000, 0x00000000e0000000)
  object space 269312K, 33% used [0x00000000a0000000,0x00000000a5844fd8,0x00000000b0700000)
 Metaspace       used 102228K, capacity 105896K, committed 106200K, reserved 1142784K
  class space    used 12752K, capacity 13481K, committed 13568K, reserved 1048576K
}
Event: 185.630 GC heap before
{Heap before GC invocations=36 (full 5):
 PSYoungGen      total 361472K, used 342678K [0x00000000e0000000, 0x00000000f9c00000, 0x0000000100000000)
  eden space 310272K, 100% used [0x00000000e0000000,0x00000000f2f00000,0x00000000f2f00000)
  from space 51200K, 63% used [0x00000000f6a00000,0x00000000f89a5888,0x00000000f9c00000)
  to   space 55808K, 0% used [0x00000000f2f00000,0x00000000f2f00000,0x00000000f6580000)
 ParOldGen       total 269312K, used 90387K [0x00000000a0000000, 0x00000000b0700000, 0x00000000e0000000)
  object space 269312K, 33% used [0x00000000a0000000,0x00000000a5844fd8,0x00000000b0700000)
 Metaspace       used 108571K, capacity 112328K, committed 112600K, reserved 1146880K
  class space    used 13467K, capacity 14217K, committed 14336K, reserved 1048576K
Event: 185.841 GC heap after
Heap after GC invocations=36 (full 5):
 PSYoungGen      total 366080K, used 55799K [0x00000000e0000000, 0x0000000100000000, 0x0000000100000000)
  eden space 310272K, 0% used [0x00000000e0000000,0x00000000e0000000,0x00000000f2f00000)
  from space 55808K, 99% used [0x00000000f2f00000,0x00000000f657de88,0x00000000f6580000)
  to   space 90112K, 0% used [0x00000000fa800000,0x00000000fa800000,0x0000000100000000)
 ParOldGen       total 269312K, used 158481K [0x00000000a0000000, 0x00000000b0700000, 0x00000000e0000000)
  object space 269312K, 58% used [0x00000000a0000000,0x00000000a9ac46d8,0x00000000b0700000)
 Metaspace       used 108571K, capacity 112328K, committed 112600K, reserved 1146880K
  class space    used 13467K, capacity 14217K, committed 14336K, reserved 1048576K
}
Event: 272.124 GC heap before
{Heap before GC invocations=37 (full 5):
 PSYoungGen      total 366080K, used 366071K [0x00000000e0000000, 0x0000000100000000, 0x0000000100000000)
  eden space 310272K, 100% used [0x00000000e0000000,0x00000000f2f00000,0x00000000f2f00000)
  from space 55808K, 99% used [0x00000000f2f00000,0x00000000f657de88,0x00000000f6580000)
  to   space 90112K, 0% used [0x00000000fa800000,0x00000000fa800000,0x0000000100000000)
 ParOldGen       total 269312K, used 158481K [0x00000000a0000000, 0x00000000b0700000, 0x00000000e0000000)
  object space 269312K, 58% used [0x00000000a0000000,0x00000000a9ac46d8,0x00000000b0700000)
 Metaspace       used 109203K, capacity 113070K, committed 113368K, reserved 1148928K
  class space    used 13501K, capacity 14256K, committed 14336K, reserved 1048576K
Event: 272.264 GC heap after
Heap after GC invocations=37 (full 5):
 PSYoungGen      total 430080K, used 52688K [0x00000000e0000000, 0x0000000100000000, 0x0000000100000000)
  eden space 339968K, 0% used [0x00000000e0000000,0x00000000e0000000,0x00000000f4c00000)
  from space 90112K, 58% used [0x00000000fa800000,0x00000000fdb74240,0x0000000100000000)
  to   space 92160K, 0% used [0x00000000f4c00000,0x00000000f4c00000,0x00000000fa600000)
 ParOldGen       total 269312K, used 160251K [0x00000000a0000000, 0x00000000b0700000, 0x00000000e0000000)
  object space 269312K, 59% used [0x00000000a0000000,0x00000000a9c7edc0,0x00000000b0700000)
 Metaspace       used 109203K, capacity 113070K, committed 113368K, reserved 1148928K
  class space    used 13501K, capacity 14256K, committed 14336K, reserved 1048576K
}

