# JRE version: OpenJDK Runtime Environment (8.0_202-b03) (build 1.8.0_202-release-1483-b03)
# Java VM: OpenJDK 64-Bit Server VM (25.202-b03 mixed mode windows-amd64 compressed oops)
Heap:
 PSYoungGen      total 258560K, used 63880K [0x00000000e0000000, 0x00000000f6000000, 0x0000000100000000)
  eden space 191488K, 9% used [0x00000000e0000000,0x00000000e11ec810,0x00000000ebb00000)
  from space 67072K, 67% used [0x00000000ebb00000,0x00000000ee775a18,0x00000000efc80000)
  to   space 70144K, 0% used [0x00000000f1b80000,0x00000000f1b80000,0x00000000f6000000)
 ParOldGen       total 336384K, used 145956K [0x00000000a0000000, 0x00000000b4880000, 0x00000000e0000000)
  object space 336384K, 43% used [0x00000000a0000000,0x00000000a8e891e8,0x00000000b4880000)
 Metaspace       used 96360K, capacity 99980K, committed 100120K, reserved 1136640K
  class space    used 12265K, capacity 13031K, committed 13096K, reserved 1048576K
GC Heap History (10 events):
Event: 454.615 GC heap before
{Heap before GC invocations=21 (full 3):
 PSYoungGen      total 206848K, used 206834K [0x00000000e0000000, 0x00000000f0380000, 0x0000000100000000)
  eden space 180224K, 100% used [0x00000000e0000000,0x00000000eb000000,0x00000000eb000000)
  from space 26624K, 99% used [0x00000000eb000000,0x00000000ec9fca68,0x00000000eca00000)
  to   space 36864K, 0% used [0x00000000edf80000,0x00000000edf80000,0x00000000f0380000)
 ParOldGen       total 145408K, used 74320K [0x00000000a0000000, 0x00000000a8e00000, 0x00000000e0000000)
  object space 145408K, 51% used [0x00000000a0000000,0x00000000a4894380,0x00000000a8e00000)
 Metaspace       used 84257K, capacity 86754K, committed 86936K, reserved 1124352K
  class space    used 10820K, capacity 11398K, committed 11432K, reserved 1048576K
Event: 454.746 GC heap after
Heap after GC invocations=21 (full 3):
 PSYoungGen      total 209920K, used 36844K [0x00000000e0000000, 0x00000000f2d80000, 0x0000000100000000)
  eden space 173056K, 0% used [0x00000000e0000000,0x00000000e0000000,0x00000000ea900000)
  from space 36864K, 99% used [0x00000000edf80000,0x00000000f037b318,0x00000000f0380000)
  to   space 55808K, 0% used [0x00000000ea900000,0x00000000ea900000,0x00000000edf80000)
 ParOldGen       total 145408K, used 109337K [0x00000000a0000000, 0x00000000a8e00000, 0x00000000e0000000)
  object space 145408K, 75% used [0x00000000a0000000,0x00000000a6ac65c0,0x00000000a8e00000)
 Metaspace       used 84257K, capacity 86754K, committed 86936K, reserved 1124352K
  class space    used 10820K, capacity 11398K, committed 11432K, reserved 1048576K
}
Event: 458.261 GC heap before
{Heap before GC invocations=22 (full 3):
 PSYoungGen      total 209920K, used 209900K [0x00000000e0000000, 0x00000000f2d80000, 0x0000000100000000)
  eden space 173056K, 100% used [0x00000000e0000000,0x00000000ea900000,0x00000000ea900000)
  from space 36864K, 99% used [0x00000000edf80000,0x00000000f037b318,0x00000000f0380000)
  to   space 55808K, 0% used [0x00000000ea900000,0x00000000ea900000,0x00000000edf80000)
 ParOldGen       total 145408K, used 109337K [0x00000000a0000000, 0x00000000a8e00000, 0x00000000e0000000)
  object space 145408K, 75% used [0x00000000a0000000,0x00000000a6ac65c0,0x00000000a8e00000)
 Metaspace       used 85772K, capacity 88322K, committed 88600K, reserved 1126400K
  class space    used 10926K, capacity 11494K, committed 11560K, reserved 1048576K
Event: 458.418 GC heap after
Heap after GC invocations=22 (full 3):
 PSYoungGen      total 228864K, used 55149K [0x00000000e0000000, 0x00000000f3c00000, 0x0000000100000000)
  eden space 173056K, 0% used [0x00000000e0000000,0x00000000e0000000,0x00000000ea900000)
  from space 55808K, 98% used [0x00000000ea900000,0x00000000ededb670,0x00000000edf80000)
  to   space 65024K, 0% used [0x00000000efc80000,0x00000000efc80000,0x00000000f3c00000)
 ParOldGen       total 146432K, used 146021K [0x00000000a0000000, 0x00000000a8f00000, 0x00000000e0000000)
  object space 146432K, 99% used [0x00000000a0000000,0x00000000a8e99588,0x00000000a8f00000)
 Metaspace       used 85772K, capacity 88322K, committed 88600K, reserved 1126400K
  class space    used 10926K, capacity 11494K, committed 11560K, reserved 1048576K
}
Event: 458.418 GC heap before
{Heap before GC invocations=23 (full 4):
 PSYoungGen      total 228864K, used 55149K [0x00000000e0000000, 0x00000000f3c00000, 0x0000000100000000)
  eden space 173056K, 0% used [0x00000000e0000000,0x00000000e0000000,0x00000000ea900000)
  from space 55808K, 98% used [0x00000000ea900000,0x00000000ededb670,0x00000000edf80000)
  to   space 65024K, 0% used [0x00000000efc80000,0x00000000efc80000,0x00000000f3c00000)
 ParOldGen       total 146432K, used 146021K [0x00000000a0000000, 0x00000000a8f00000, 0x00000000e0000000)
  object space 146432K, 99% used [0x00000000a0000000,0x00000000a8e99588,0x00000000a8f00000)
 Metaspace       used 85772K, capacity 88322K, committed 88600K, reserved 1126400K
  class space    used 10926K, capacity 11494K, committed 11560K, reserved 1048576K
Event: 459.753 GC heap after
Heap after GC invocations=23 (full 4):
 PSYoungGen      total 228864K, used 19380K [0x00000000e0000000, 0x00000000f3c00000, 0x0000000100000000)
  eden space 173056K, 0% used [0x00000000e0000000,0x00000000e0000000,0x00000000ea900000)
  from space 55808K, 34% used [0x00000000ea900000,0x00000000ebbed280,0x00000000edf80000)
  to   space 65024K, 0% used [0x00000000efc80000,0x00000000efc80000,0x00000000f3c00000)
 ParOldGen       total 336384K, used 145948K [0x00000000a0000000, 0x00000000b4880000, 0x00000000e0000000)
  object space 336384K, 43% used [0x00000000a0000000,0x00000000a8e871e8,0x00000000b4880000)
 Metaspace       used 85766K, capacity 88304K, committed 88600K, reserved 1126400K
  class space    used 10924K, capacity 11491K, committed 11560K, reserved 1048576K
}
Event: 462.599 GC heap before
{Heap before GC invocations=24 (full 4):
 PSYoungGen      total 228864K, used 192436K [0x00000000e0000000, 0x00000000f3c00000, 0x0000000100000000)
  eden space 173056K, 100% used [0x00000000e0000000,0x00000000ea900000,0x00000000ea900000)
  from space 55808K, 34% used [0x00000000ea900000,0x00000000ebbed280,0x00000000edf80000)
  to   space 65024K, 0% used [0x00000000efc80000,0x00000000efc80000,0x00000000f3c00000)
 ParOldGen       total 336384K, used 145948K [0x00000000a0000000, 0x00000000b4880000, 0x00000000e0000000)
  object space 336384K, 43% used [0x00000000a0000000,0x00000000a8e871e8,0x00000000b4880000)
 Metaspace       used 86414K, capacity 89088K, committed 89240K, reserved 1126400K
  class space    used 10989K, capacity 11583K, committed 11688K, reserved 1048576K
Event: 462.765 GC heap after
Heap after GC invocations=24 (full 4):
 PSYoungGen      total 256512K, used 41041K [0x00000000e0000000, 0x00000000f4600000, 0x0000000100000000)
  eden space 191488K, 0% used [0x00000000e0000000,0x00000000e0000000,0x00000000ebb00000)
  from space 65024K, 63% used [0x00000000efc80000,0x00000000f24945d0,0x00000000f3c00000)
  to   space 67072K, 0% used [0x00000000ebb00000,0x00000000ebb00000,0x00000000efc80000)
 ParOldGen       total 336384K, used 145956K [0x00000000a0000000, 0x00000000b4880000, 0x00000000e0000000)
  object space 336384K, 43% used [0x00000000a0000000,0x00000000a8e891e8,0x00000000b4880000)
 Metaspace       used 86414K, capacity 89088K, committed 89240K, reserved 1126400K
  class space    used 10989K, capacity 11583K, committed 11688K, reserved 1048576K
}
Event: 466.636 GC heap before
{Heap before GC invocations=25 (full 4):
 PSYoungGen      total 256512K, used 232529K [0x00000000e0000000, 0x00000000f4600000, 0x0000000100000000)
  eden space 191488K, 100% used [0x00000000e0000000,0x00000000ebb00000,0x00000000ebb00000)
  from space 65024K, 63% used [0x00000000efc80000,0x00000000f24945d0,0x00000000f3c00000)
  to   space 67072K, 0% used [0x00000000ebb00000,0x00000000ebb00000,0x00000000efc80000)
 ParOldGen       total 336384K, used 145956K [0x00000000a0000000, 0x00000000b4880000, 0x00000000e0000000)
  object space 336384K, 43% used [0x00000000a0000000,0x00000000a8e891e8,0x00000000b4880000)
 Metaspace       used 96202K, capacity 99832K, committed 100120K, reserved 1136640K
  class space    used 12259K, capacity 13029K, committed 13096K, reserved 1048576K
Event: 466.725 GC heap after
Heap after GC invocations=25 (full 4):
 PSYoungGen      total 258560K, used 45526K [0x00000000e0000000, 0x00000000f6000000, 0x0000000100000000)
  eden space 191488K, 0% used [0x00000000e0000000,0x00000000e0000000,0x00000000ebb00000)
  from space 67072K, 67% used [0x00000000ebb00000,0x00000000ee775a18,0x00000000efc80000)
  to   space 70144K, 0% used [0x00000000f1b80000,0x00000000f1b80000,0x00000000f6000000)
 ParOldGen       total 336384K, used 145956K [0x00000000a0000000, 0x00000000b4880000, 0x00000000e0000000)
  object space 336384K, 43% used [0x00000000a0000000,0x00000000a8e891e8,0x00000000b4880000)
 Metaspace       used 96202K, capacity 99832K, committed 100120K, reserved 1136640K
  class space    used 12259K, capacity 13029K, committed 13096K, reserved 1048576K
}

