# JRE version: OpenJDK Runtime Environment (8.0_202-b03) (build 1.8.0_202-release-1483-b03)
# Java VM: OpenJDK 64-Bit Server VM (25.202-b03 mixed mode windows-amd64 compressed oops)
Heap:
 PSYoungGen      total 338944K, used 306859K [0x00000000e0000000, 0x00000000f9900000, 0x0000000100000000)
  eden space 268288K, 88% used [0x00000000e0000000,0x00000000ee6ab700,0x00000000f0600000)
  from space 70656K, 99% used [0x00000000f5400000,0x00000000f98ff6f8,0x00000000f9900000)
  to   space 75264K, 0% used [0x00000000f0600000,0x00000000f0600000,0x00000000f4f80000)
 ParOldGen       total 266240K, used 143297K [0x00000000a0000000, 0x00000000b0400000, 0x00000000e0000000)
  object space 266240K, 53% used [0x00000000a0000000,0x00000000a8bf0678,0x00000000b0400000)
 Metaspace       used 101023K, capacity 104357K, committed 104664K, reserved 1140736K
  class space    used 12797K, capacity 13508K, committed 13568K, reserved 1048576K
GC Heap History (10 events):
Event: 37.267 GC heap before
{Heap before GC invocations=18 (full 3):
 PSYoungGen      total 268288K, used 268269K [0x00000000e0000000, 0x00000000f6c80000, 0x0000000100000000)
  eden space 216064K, 100% used [0x00000000e0000000,0x00000000ed300000,0x00000000ed300000)
  from space 52224K, 99% used [0x00000000f1680000,0x00000000f497b4e8,0x00000000f4980000)
  to   space 69120K, 0% used [0x00000000ed300000,0x00000000ed300000,0x00000000f1680000)
 ParOldGen       total 153600K, used 117458K [0x00000000a0000000, 0x00000000a9600000, 0x00000000e0000000)
  object space 153600K, 76% used [0x00000000a0000000,0x00000000a72b49f0,0x00000000a9600000)
 Metaspace       used 82618K, capacity 85089K, committed 85336K, reserved 1124352K
  class space    used 10720K, capacity 11284K, committed 11392K, reserved 1048576K
Event: 37.487 GC heap after
Heap after GC invocations=18 (full 3):
 PSYoungGen      total 285184K, used 58272K [0x00000000e0000000, 0x00000000f9f80000, 0x0000000100000000)
  eden space 216064K, 0% used [0x00000000e0000000,0x00000000e0000000,0x00000000ed300000)
  from space 69120K, 84% used [0x00000000ed300000,0x00000000f0be8318,0x00000000f1680000)
  to   space 77312K, 0% used [0x00000000f5400000,0x00000000f5400000,0x00000000f9f80000)
 ParOldGen       total 153600K, used 141598K [0x00000000a0000000, 0x00000000a9600000, 0x00000000e0000000)
  object space 153600K, 92% used [0x00000000a0000000,0x00000000a8a478f8,0x00000000a9600000)
 Metaspace       used 82618K, capacity 85089K, committed 85336K, reserved 1124352K
  class space    used 10720K, capacity 11284K, committed 11392K, reserved 1048576K
}
Event: 37.487 GC heap before
{Heap before GC invocations=19 (full 4):
 PSYoungGen      total 285184K, used 58272K [0x00000000e0000000, 0x00000000f9f80000, 0x0000000100000000)
  eden space 216064K, 0% used [0x00000000e0000000,0x00000000e0000000,0x00000000ed300000)
  from space 69120K, 84% used [0x00000000ed300000,0x00000000f0be8318,0x00000000f1680000)
  to   space 77312K, 0% used [0x00000000f5400000,0x00000000f5400000,0x00000000f9f80000)
 ParOldGen       total 153600K, used 141598K [0x00000000a0000000, 0x00000000a9600000, 0x00000000e0000000)
  object space 153600K, 92% used [0x00000000a0000000,0x00000000a8a478f8,0x00000000a9600000)
 Metaspace       used 82618K, capacity 85089K, committed 85336K, reserved 1124352K
  class space    used 10720K, capacity 11284K, committed 11392K, reserved 1048576K
Event: 37.947 GC heap after
Heap after GC invocations=19 (full 4):
 PSYoungGen      total 285184K, used 0K [0x00000000e0000000, 0x00000000f9f80000, 0x0000000100000000)
  eden space 216064K, 0% used [0x00000000e0000000,0x00000000e0000000,0x00000000ed300000)
  from space 69120K, 0% used [0x00000000ed300000,0x00000000ed300000,0x00000000f1680000)
  to   space 77312K, 0% used [0x00000000f5400000,0x00000000f5400000,0x00000000f9f80000)
 ParOldGen       total 266240K, used 82186K [0x00000000a0000000, 0x00000000b0400000, 0x00000000e0000000)
  object space 266240K, 30% used [0x00000000a0000000,0x00000000a5042880,0x00000000b0400000)
 Metaspace       used 82538K, capacity 84847K, committed 85336K, reserved 1124352K
  class space    used 10694K, capacity 11239K, committed 11392K, reserved 1048576K
}
Event: 43.976 GC heap before
{Heap before GC invocations=20 (full 4):
 PSYoungGen      total 285184K, used 216063K [0x00000000e0000000, 0x00000000f9f80000, 0x0000000100000000)
  eden space 216064K, 99% used [0x00000000e0000000,0x00000000ed2ffeb0,0x00000000ed300000)
  from space 69120K, 0% used [0x00000000ed300000,0x00000000ed300000,0x00000000f1680000)
  to   space 77312K, 0% used [0x00000000f5400000,0x00000000f5400000,0x00000000f9f80000)
 ParOldGen       total 266240K, used 82186K [0x00000000a0000000, 0x00000000b0400000, 0x00000000e0000000)
  object space 266240K, 30% used [0x00000000a0000000,0x00000000a5042880,0x00000000b0400000)
 Metaspace       used 91659K, capacity 94795K, committed 95064K, reserved 1132544K
  class space    used 11900K, capacity 12581K, committed 12672K, reserved 1048576K
Event: 44.012 GC heap after
Heap after GC invocations=20 (full 4):
 PSYoungGen      total 338944K, used 11319K [0x00000000e0000000, 0x00000000f9900000, 0x0000000100000000)
  eden space 268288K, 0% used [0x00000000e0000000,0x00000000e0000000,0x00000000f0600000)
  from space 70656K, 16% used [0x00000000f5400000,0x00000000f5f0ddf0,0x00000000f9900000)
  to   space 75264K, 0% used [0x00000000f0600000,0x00000000f0600000,0x00000000f4f80000)
 ParOldGen       total 266240K, used 82194K [0x00000000a0000000, 0x00000000b0400000, 0x00000000e0000000)
  object space 266240K, 30% used [0x00000000a0000000,0x00000000a5044880,0x00000000b0400000)
 Metaspace       used 91659K, capacity 94795K, committed 95064K, reserved 1132544K
  class space    used 11900K, capacity 12581K, committed 12672K, reserved 1048576K
}
Event: 280.827 GC heap before
{Heap before GC invocations=21 (full 4):
 PSYoungGen      total 338944K, used 279607K [0x00000000e0000000, 0x00000000f9900000, 0x0000000100000000)
  eden space 268288K, 100% used [0x00000000e0000000,0x00000000f0600000,0x00000000f0600000)
  from space 70656K, 16% used [0x00000000f5400000,0x00000000f5f0ddf0,0x00000000f9900000)
  to   space 75264K, 0% used [0x00000000f0600000,0x00000000f0600000,0x00000000f4f80000)
 ParOldGen       total 266240K, used 82194K [0x00000000a0000000, 0x00000000b0400000, 0x00000000e0000000)
  object space 266240K, 30% used [0x00000000a0000000,0x00000000a5044880,0x00000000b0400000)
 Metaspace       used 93624K, capacity 96869K, committed 96984K, reserved 1134592K
  class space    used 12032K, capacity 12730K, committed 12800K, reserved 1048576K
Event: 280.927 GC heap after
Heap after GC invocations=21 (full 4):
 PSYoungGen      total 343552K, used 57119K [0x00000000e0000000, 0x00000000f9900000, 0x0000000100000000)
  eden space 268288K, 0% used [0x00000000e0000000,0x00000000e0000000,0x00000000f0600000)
  from space 75264K, 75% used [0x00000000f0600000,0x00000000f3dc7d88,0x00000000f4f80000)
  to   space 70656K, 0% used [0x00000000f5400000,0x00000000f5400000,0x00000000f9900000)
 ParOldGen       total 266240K, used 82202K [0x00000000a0000000, 0x00000000b0400000, 0x00000000e0000000)
  object space 266240K, 30% used [0x00000000a0000000,0x00000000a5046880,0x00000000b0400000)
 Metaspace       used 93624K, capacity 96869K, committed 96984K, reserved 1134592K
  class space    used 12032K, capacity 12730K, committed 12800K, reserved 1048576K
}
Event: 286.101 GC heap before
{Heap before GC invocations=22 (full 4):
 PSYoungGen      total 343552K, used 325407K [0x00000000e0000000, 0x00000000f9900000, 0x0000000100000000)
  eden space 268288K, 100% used [0x00000000e0000000,0x00000000f0600000,0x00000000f0600000)
  from space 75264K, 75% used [0x00000000f0600000,0x00000000f3dc7d88,0x00000000f4f80000)
  to   space 70656K, 0% used [0x00000000f5400000,0x00000000f5400000,0x00000000f9900000)
 ParOldGen       total 266240K, used 82202K [0x00000000a0000000, 0x00000000b0400000, 0x00000000e0000000)
  object space 266240K, 30% used [0x00000000a0000000,0x00000000a5046880,0x00000000b0400000)
 Metaspace       used 99974K, capacity 103237K, committed 103384K, reserved 1138688K
  class space    used 12748K, capacity 13466K, committed 13568K, reserved 1048576K
Event: 286.333 GC heap after
Heap after GC invocations=22 (full 4):
 PSYoungGen      total 338944K, used 70653K [0x00000000e0000000, 0x00000000f9900000, 0x0000000100000000)
  eden space 268288K, 0% used [0x00000000e0000000,0x00000000e0000000,0x00000000f0600000)
  from space 70656K, 99% used [0x00000000f5400000,0x00000000f98ff6f8,0x00000000f9900000)
  to   space 75264K, 0% used [0x00000000f0600000,0x00000000f0600000,0x00000000f4f80000)
 ParOldGen       total 266240K, used 143297K [0x00000000a0000000, 0x00000000b0400000, 0x00000000e0000000)
  object space 266240K, 53% used [0x00000000a0000000,0x00000000a8bf0678,0x00000000b0400000)
 Metaspace       used 99974K, capacity 103237K, committed 103384K, reserved 1138688K
  class space    used 12748K, capacity 13466K, committed 13568K, reserved 1048576K
}

