# JRE version: OpenJDK Runtime Environment (8.0_202-b03) (build 1.8.0_202-release-1483-b03)
# Java VM: OpenJDK 64-Bit Server VM (25.202-b03 mixed mode windows-amd64 compressed oops)
Heap:
 PSYoungGen      total 89600K, used 17285K [0x00000000e0000000, 0x00000000e8180000, 0x0000000100000000)
  eden space 80384K, 13% used [0x00000000e0000000,0x00000000e0a3f498,0x00000000e4e80000)
  from space 9216K, 73% used [0x00000000e5d80000,0x00000000e6422010,0x00000000e6680000)
  to   space 15360K, 0% used [0x00000000e4e80000,0x00000000e4e80000,0x00000000e5d80000)
 ParOldGen       total 98304K, used 28277K [0x00000000a0000000, 0x00000000a6000000, 0x00000000e0000000)
  object space 98304K, 28% used [0x00000000a0000000,0x00000000a1b9d6f8,0x00000000a6000000)
 Metaspace       used 59969K, capacity 61732K, committed 61972K, reserved 1103872K
  class space    used 8060K, capacity 8489K, committed 8508K, reserved 1048576K
GC Heap History (10 events):
Event: 40.723 GC heap before
{Heap before GC invocations=15 (full 2):
 PSYoungGen      total 91136K, used 90951K [0x00000000e0000000, 0x00000000e6680000, 0x0000000100000000)
  eden space 81920K, 100% used [0x00000000e0000000,0x00000000e5000000,0x00000000e5000000)
  from space 9216K, 97% used [0x00000000e5d80000,0x00000000e6651cb8,0x00000000e6680000)
  to   space 10752K, 0% used [0x00000000e5180000,0x00000000e5180000,0x00000000e5c00000)
 ParOldGen       total 98304K, used 15724K [0x00000000a0000000, 0x00000000a6000000, 0x00000000e0000000)
  object space 98304K, 15% used [0x00000000a0000000,0x00000000a0f5b1f0,0x00000000a6000000)
 Metaspace       used 47598K, capacity 48582K, committed 48984K, reserved 1091584K
  class space    used 6464K, capacity 6734K, committed 6784K, reserved 1048576K
Event: 40.758 GC heap after
Heap after GC invocations=15 (full 2):
 PSYoungGen      total 92672K, used 10732K [0x00000000e0000000, 0x00000000e6680000, 0x0000000100000000)
  eden space 81920K, 0% used [0x00000000e0000000,0x00000000e0000000,0x00000000e5000000)
  from space 10752K, 99% used [0x00000000e5180000,0x00000000e5bfb0a8,0x00000000e5c00000)
  to   space 9216K, 0% used [0x00000000e5d80000,0x00000000e5d80000,0x00000000e6680000)
 ParOldGen       total 98304K, used 18220K [0x00000000a0000000, 0x00000000a6000000, 0x00000000e0000000)
  object space 98304K, 18% used [0x00000000a0000000,0x00000000a11cb120,0x00000000a6000000)
 Metaspace       used 47598K, capacity 48582K, committed 48984K, reserved 1091584K
  class space    used 6464K, capacity 6734K, committed 6784K, reserved 1048576K
}
Event: 46.244 GC heap before
{Heap before GC invocations=16 (full 2):
 PSYoungGen      total 92672K, used 92652K [0x00000000e0000000, 0x00000000e6680000, 0x0000000100000000)
  eden space 81920K, 100% used [0x00000000e0000000,0x00000000e5000000,0x00000000e5000000)
  from space 10752K, 99% used [0x00000000e5180000,0x00000000e5bfb0a8,0x00000000e5c00000)
  to   space 9216K, 0% used [0x00000000e5d80000,0x00000000e5d80000,0x00000000e6680000)
 ParOldGen       total 98304K, used 18220K [0x00000000a0000000, 0x00000000a6000000, 0x00000000e0000000)
  object space 98304K, 18% used [0x00000000a0000000,0x00000000a11cb120,0x00000000a6000000)
 Metaspace       used 55947K, capacity 57282K, committed 57560K, reserved 1099776K
  class space    used 7513K, capacity 7830K, committed 7936K, reserved 1048576K
Event: 46.275 GC heap after
Heap after GC invocations=16 (full 2):
 PSYoungGen      total 91136K, used 9189K [0x00000000e0000000, 0x00000000e6680000, 0x0000000100000000)
  eden space 81920K, 0% used [0x00000000e0000000,0x00000000e0000000,0x00000000e5000000)
  from space 9216K, 99% used [0x00000000e5d80000,0x00000000e6679780,0x00000000e6680000)
  to   space 10752K, 0% used [0x00000000e5180000,0x00000000e5180000,0x00000000e5c00000)
 ParOldGen       total 98304K, used 25839K [0x00000000a0000000, 0x00000000a6000000, 0x00000000e0000000)
  object space 98304K, 26% used [0x00000000a0000000,0x00000000a193bf60,0x00000000a6000000)
 Metaspace       used 55947K, capacity 57282K, committed 57560K, reserved 1099776K
  class space    used 7513K, capacity 7830K, committed 7936K, reserved 1048576K
}
Event: 47.213 GC heap before
{Heap before GC invocations=17 (full 2):
 PSYoungGen      total 91136K, used 26717K [0x00000000e0000000, 0x00000000e6680000, 0x0000000100000000)
  eden space 81920K, 21% used [0x00000000e0000000,0x00000000e111dd18,0x00000000e5000000)
  from space 9216K, 99% used [0x00000000e5d80000,0x00000000e6679780,0x00000000e6680000)
  to   space 10752K, 0% used [0x00000000e5180000,0x00000000e5180000,0x00000000e5c00000)
 ParOldGen       total 98304K, used 25839K [0x00000000a0000000, 0x00000000a6000000, 0x00000000e0000000)
  object space 98304K, 26% used [0x00000000a0000000,0x00000000a193bf60,0x00000000a6000000)
 Metaspace       used 57551K, capacity 59000K, committed 59028K, reserved 1099776K
  class space    used 7760K, capacity 8099K, committed 8124K, reserved 1048576K
Event: 47.253 GC heap after
Heap after GC invocations=17 (full 2):
 PSYoungGen      total 92672K, used 4280K [0x00000000e0000000, 0x00000000e6680000, 0x0000000100000000)
  eden space 81920K, 0% used [0x00000000e0000000,0x00000000e0000000,0x00000000e5000000)
  from space 10752K, 39% used [0x00000000e5180000,0x00000000e55ae3d0,0x00000000e5c00000)
  to   space 9216K, 0% used [0x00000000e5d80000,0x00000000e5d80000,0x00000000e6680000)
 ParOldGen       total 98304K, used 32965K [0x00000000a0000000, 0x00000000a6000000, 0x00000000e0000000)
  object space 98304K, 33% used [0x00000000a0000000,0x00000000a2031578,0x00000000a6000000)
 Metaspace       used 57551K, capacity 59000K, committed 59028K, reserved 1099776K
  class space    used 7760K, capacity 8099K, committed 8124K, reserved 1048576K
}
Event: 47.253 GC heap before
{Heap before GC invocations=18 (full 3):
 PSYoungGen      total 92672K, used 4280K [0x00000000e0000000, 0x00000000e6680000, 0x0000000100000000)
  eden space 81920K, 0% used [0x00000000e0000000,0x00000000e0000000,0x00000000e5000000)
  from space 10752K, 39% used [0x00000000e5180000,0x00000000e55ae3d0,0x00000000e5c00000)
  to   space 9216K, 0% used [0x00000000e5d80000,0x00000000e5d80000,0x00000000e6680000)
 ParOldGen       total 98304K, used 32965K [0x00000000a0000000, 0x00000000a6000000, 0x00000000e0000000)
  object space 98304K, 33% used [0x00000000a0000000,0x00000000a2031578,0x00000000a6000000)
 Metaspace       used 57551K, capacity 59000K, committed 59028K, reserved 1099776K
  class space    used 7760K, capacity 8099K, committed 8124K, reserved 1048576K
Event: 47.829 GC heap after
Heap after GC invocations=18 (full 3):
 PSYoungGen      total 92672K, used 0K [0x00000000e0000000, 0x00000000e6680000, 0x0000000100000000)
  eden space 81920K, 0% used [0x00000000e0000000,0x00000000e0000000,0x00000000e5000000)
  from space 10752K, 0% used [0x00000000e5180000,0x00000000e5180000,0x00000000e5c00000)
  to   space 9216K, 0% used [0x00000000e5d80000,0x00000000e5d80000,0x00000000e6680000)
 ParOldGen       total 98304K, used 28269K [0x00000000a0000000, 0x00000000a6000000, 0x00000000e0000000)
  object space 98304K, 28% used [0x00000000a0000000,0x00000000a1b9b6f8,0x00000000a6000000)
 Metaspace       used 57551K, capacity 59000K, committed 59028K, reserved 1099776K
  class space    used 7760K, capacity 8099K, committed 8124K, reserved 1048576K
}
Event: 53.235 GC heap before
{Heap before GC invocations=19 (full 3):
 PSYoungGen      total 92672K, used 81920K [0x00000000e0000000, 0x00000000e6680000, 0x0000000100000000)
  eden space 81920K, 100% used [0x00000000e0000000,0x00000000e5000000,0x00000000e5000000)
  from space 10752K, 0% used [0x00000000e5180000,0x00000000e5180000,0x00000000e5c00000)
  to   space 9216K, 0% used [0x00000000e5d80000,0x00000000e5d80000,0x00000000e6680000)
 ParOldGen       total 98304K, used 28269K [0x00000000a0000000, 0x00000000a6000000, 0x00000000e0000000)
  object space 98304K, 28% used [0x00000000a0000000,0x00000000a1b9b6f8,0x00000000a6000000)
 Metaspace       used 59893K, capacity 61728K, committed 61972K, reserved 1103872K
  class space    used 8060K, capacity 8489K, committed 8508K, reserved 1048576K
Event: 53.271 GC heap after
Heap after GC invocations=19 (full 3):
 PSYoungGen      total 89600K, used 6792K [0x00000000e0000000, 0x00000000e8180000, 0x0000000100000000)
  eden space 80384K, 0% used [0x00000000e0000000,0x00000000e0000000,0x00000000e4e80000)
  from space 9216K, 73% used [0x00000000e5d80000,0x00000000e6422010,0x00000000e6680000)
  to   space 15360K, 0% used [0x00000000e4e80000,0x00000000e4e80000,0x00000000e5d80000)
 ParOldGen       total 98304K, used 28277K [0x00000000a0000000, 0x00000000a6000000, 0x00000000e0000000)
  object space 98304K, 28% used [0x00000000a0000000,0x00000000a1b9d6f8,0x00000000a6000000)
 Metaspace       used 59893K, capacity 61728K, committed 61972K, reserved 1103872K
  class space    used 8060K, capacity 8489K, committed 8508K, reserved 1048576K
}

